#
# There is insufficient memory for the Java Runtime Environment to continue.
# Native memory allocation (mmap) failed to map 536870912 bytes for G1 virtual space
# Possible reasons:
#   The system is out of physical RAM or swap space
#   The process is running with CompressedOops enabled, and the Java Heap may be blocking the growth of the native heap
# Possible solutions:
#   Reduce memory load on the system
#   Increase physical memory or swap space
#   Check if swap backing store is full
#   Decrease Java heap size (-Xmx/-Xms)
#   Decrease number of Java threads
#   Decrease Java thread stack sizes (-Xss)
#   Set larger code cache with -XX:ReservedCodeCacheSize=
#   JVM is running with Zero Based Compressed Oops mode in which the Java heap is
#     placed in the first 32GB address space. The Java Heap base address is the
#     maximum limit for the native heap growth. Please use -XX:HeapBaseMinAddress
#     to set the Java Heap base and to place the Java Heap above 32GB virtual address.
# This output file may be truncated or incomplete.
#
#  Out of Memory Error (os_windows.cpp:3600), pid=18660, tid=6456
#
# JRE version:  (21.0.5+9) (build )
# Java VM: Java HotSpot(TM) 64-Bit Server VM (21.0.5+9-LTS-jvmci-23.1-b48, mixed mode, emulated-client, sharing, tiered, jvmci, jvmci compiler, compressed oops, compressed class ptrs, g1 gc, windows-amd64)
# No core dump will be written. Minidumps are not enabled by default on client versions of Windows
#

---------------  S U M M A R Y ------------

Command Line: -XX:ThreadPriorityPolicy=1 -XX:+UnlockExperimentalVMOptions -XX:+EnableJVMCIProduct -XX:-UnlockExperimentalVMOptions -XX:TieredStopAtLevel=1 -Dspring.output.ansi.enabled=always -Dcom.sun.management.jmxremote -Dspring.jmx.enabled=true -Dspring.liveBeansView.mbeanDomain -Dspring.application.admin.enabled=true -Dmanagement.endpoints.jmx.exposure.include=* -javaagent:D:\Program Files\JetBrains\IntelliJ IDEA 2024.2.4\lib\idea_rt.jar=29754:D:\Program Files\JetBrains\IntelliJ IDEA 2024.2.4\bin -Dfile.encoding=UTF-8 -Dsun.stdout.encoding=UTF-8 -Dsun.stderr.encoding=UTF-8 com.hsf302.trialproject.TrialprojectApplication

Host: Intel(R) Core(TM) i5-10300H CPU @ 2.50GHz, 8 cores, 31G,  Windows 10 , 64 bit Build 19041 (10.0.19041.5198)
Time: Sat Jan 11 15:08:26 2025 SE Asia Standard Time elapsed time: 0.011757 seconds (0d 0h 0m 0s)

---------------  T H R E A D  ---------------

Current thread (0x000002a291daec80):  JavaThread "Unknown thread" [_thread_in_vm, id=6456, stack(0x000000b4bf600000,0x000000b4bf700000) (1024K)]

Stack: [0x000000b4bf600000,0x000000b4bf700000]
Native frames: (J=compiled Java code, j=interpreted, Vv=VM code, C=native code)
V  [jvm.dll+0x6d3bd9]
V  [jvm.dll+0x85e3a1]
V  [jvm.dll+0x8608ce]
V  [jvm.dll+0x860fa3]
V  [jvm.dll+0x27e016]
V  [jvm.dll+0x6d0375]
V  [jvm.dll+0x6c4efa]
V  [jvm.dll+0x35388a]
V  [jvm.dll+0x35b4e6]
V  [jvm.dll+0x3addce]
V  [jvm.dll+0x3ae078]
V  [jvm.dll+0x327bec]
V  [jvm.dll+0x32874b]
V  [jvm.dll+0x827769]
V  [jvm.dll+0x3baab1]
V  [jvm.dll+0x810ab8]
V  [jvm.dll+0x44fc5e]
V  [jvm.dll+0x451851]
C  [jli.dll+0x52a3]
C  [ucrtbase.dll+0x21bb2]
C  [KERNEL32.DLL+0x17374]
C  [ntdll.dll+0x4cc91]


---------------  P R O C E S S  ---------------

Threads class SMR info:
_java_thread_list=0x00007ffd13f05c08, length=0, elements={
}

Java Threads: ( => current thread )
Total: 0

Other Threads:
  0x000002a291f51b10 WorkerThread "GC Thread#0"                     [id=9732, stack(0x000000b4bf700000,0x000000b4bf800000) (1024K)]
  0x000002a291f628c0 ConcurrentGCThread "G1 Main Marker"            [id=25604, stack(0x000000b4bf800000,0x000000b4bf900000) (1024K)]
  0x000002a291f66030 WorkerThread "G1 Conc#0"                       [id=22844, stack(0x000000b4bf900000,0x000000b4bfa00000) (1024K)]

[error occurred during error reporting (printing all threads), id 0xc0000005, EXCEPTION_ACCESS_VIOLATION (0xc0000005) at pc=0x00007ffd1366a377]
VM state: not at safepoint (not fully initialized)

VM Mutex/Monitor currently owned by a thread:  ([mutex/lock_event])
[0x00007ffd13f76ff8] Heap_lock - owner thread: 0x000002a291daec80

Heap address: 0x0000000602800000, size: 8152 MB, Compressed Oops mode: Zero based, Oop shift amount: 3

CDS archive(s) mapped at: [0x0000000000000000-0x0000000000000000-0x0000000000000000), size 0, SharedBaseAddress: 0x0000000800000000, ArchiveRelocationMode: 1.
Narrow klass base: 0x0000000000000000, Narrow klass shift: 0, Narrow klass range: 0x0

GC Precious Log:
 CardTable entry size: 512
 Card Set container configuration: InlinePtr #cards 4 size 8 Array Of Cards #cards 32 size 80 Howl #buckets 8 coarsen threshold 7372 Howl Bitmap #cards 1024 size 144 coarsen threshold 921 Card regions per heap region 1 cards per card region 8192

Heap:
 garbage-first heap   total 0K, used 0K [0x0000000602800000, 0x0000000800000000)
  region size 4096K, 0 young (0K), 0 survivors (0K)

[error occurred during error reporting (printing heap information), id 0xc0000005, EXCEPTION_ACCESS_VIOLATION (0xc0000005) at pc=0x00007ffd13a5cba9]
GC Heap History (0 events):
No events

Dll operation events (1 events):
Event: 0.008 Loaded shared library C:\Users\namnguyen\.jdks\graalvm-jdk-21.0.5\bin\java.dll

Deoptimization events (0 events):
No events

Classes loaded (0 events):
No events

Classes unloaded (0 events):
No events

Classes redefined (0 events):
No events

Internal exceptions (0 events):
No events

ZGC Phase Switch (0 events):
No events

VM Operations (0 events):
No events

Events (0 events):
No events


Dynamic libraries:
0x00007ff711e10000 - 0x00007ff711e20000 	C:\Users\namnguyen\.jdks\graalvm-jdk-21.0.5\bin\java.exe
0x00007ffda67d0000 - 0x00007ffda69c8000 	C:\Windows\SYSTEM32\ntdll.dll
0x00007ffda5890000 - 0x00007ffda5952000 	C:\Windows\System32\KERNEL32.DLL
0x00007ffda3f00000 - 0x00007ffda41fe000 	C:\Windows\System32\KERNELBASE.dll
0x00007ffda4230000 - 0x00007ffda4330000 	C:\Windows\System32\ucrtbase.dll
0x00007ffd8e450000 - 0x00007ffd8e46b000 	C:\Users\namnguyen\.jdks\graalvm-jdk-21.0.5\bin\VCRUNTIME140.dll
0x00007ffd8e470000 - 0x00007ffd8e489000 	C:\Users\namnguyen\.jdks\graalvm-jdk-21.0.5\bin\jli.dll
0x00007ffda5d30000 - 0x00007ffda5de1000 	C:\Windows\System32\ADVAPI32.dll
0x00007ffda5df0000 - 0x00007ffda5e8e000 	C:\Windows\System32\msvcrt.dll
0x00007ffda6380000 - 0x00007ffda641f000 	C:\Windows\System32\sechost.dll
0x00007ffda6130000 - 0x00007ffda6253000 	C:\Windows\System32\RPCRT4.dll
0x00007ffda45e0000 - 0x00007ffda4607000 	C:\Windows\System32\bcrypt.dll
0x00007ffda47f0000 - 0x00007ffda498d000 	C:\Windows\System32\USER32.dll
0x00007ffda4200000 - 0x00007ffda4222000 	C:\Windows\System32\win32u.dll
0x00007ffd90220000 - 0x00007ffd904ba000 	C:\Windows\WinSxS\amd64_microsoft.windows.common-controls_6595b64144ccf1df_6.0.19041.4355_none_60b8b9eb71f62e16\COMCTL32.dll
0x00007ffda6020000 - 0x00007ffda604b000 	C:\Windows\System32\GDI32.dll
0x00007ffda4610000 - 0x00007ffda4727000 	C:\Windows\System32\gdi32full.dll
0x00007ffda4330000 - 0x00007ffda43cd000 	C:\Windows\System32\msvcp_win.dll
0x00007ffd9bfb0000 - 0x00007ffd9bfba000 	C:\Windows\SYSTEM32\VERSION.dll
0x00007ffda5ff0000 - 0x00007ffda601f000 	C:\Windows\System32\IMM32.DLL
0x00007ffd8e440000 - 0x00007ffd8e44c000 	C:\Users\namnguyen\.jdks\graalvm-jdk-21.0.5\bin\vcruntime140_1.dll
0x00007ffd5a1b0000 - 0x00007ffd5a23e000 	C:\Users\namnguyen\.jdks\graalvm-jdk-21.0.5\bin\msvcp140.dll
0x00007ffd13330000 - 0x00007ffd14053000 	C:\Users\namnguyen\.jdks\graalvm-jdk-21.0.5\bin\server\jvm.dll
0x00007ffda5820000 - 0x00007ffda588b000 	C:\Windows\System32\WS2_32.dll
0x00007ffda3cd0000 - 0x00007ffda3d1b000 	C:\Windows\SYSTEM32\POWRPROF.dll
0x00007ffd977d0000 - 0x00007ffd977f7000 	C:\Windows\SYSTEM32\WINMM.dll
0x00007ffda3cb0000 - 0x00007ffda3cc2000 	C:\Windows\SYSTEM32\UMPDC.dll
0x00007ffda2690000 - 0x00007ffda26a2000 	C:\Windows\SYSTEM32\kernel.appcore.dll
0x00007ffd8e430000 - 0x00007ffd8e43a000 	C:\Users\namnguyen\.jdks\graalvm-jdk-21.0.5\bin\jimage.dll
0x00007ffda2480000 - 0x00007ffda2664000 	C:\Windows\SYSTEM32\DBGHELP.DLL
0x00007ffd84ab0000 - 0x00007ffd84ae4000 	C:\Windows\SYSTEM32\dbgcore.DLL
0x00007ffda3e70000 - 0x00007ffda3ef2000 	C:\Windows\System32\bcryptPrimitives.dll
0x00007ffd9f460000 - 0x00007ffd9f46f000 	C:\Users\namnguyen\.jdks\graalvm-jdk-21.0.5\bin\instrument.dll
0x00007ffd8e3b0000 - 0x00007ffd8e3cf000 	C:\Users\namnguyen\.jdks\graalvm-jdk-21.0.5\bin\java.dll

dbghelp: loaded successfully - version: 4.0.5 - missing functions: none
symbol engine: initialized successfully - sym options: 0x614 - pdb path: .;C:\Users\namnguyen\.jdks\graalvm-jdk-21.0.5\bin;C:\Windows\SYSTEM32;C:\Windows\WinSxS\amd64_microsoft.windows.common-controls_6595b64144ccf1df_6.0.19041.4355_none_60b8b9eb71f62e16;C:\Users\namnguyen\.jdks\graalvm-jdk-21.0.5\bin\server

VM Arguments:
jvm_args: -XX:ThreadPriorityPolicy=1 -XX:+UnlockExperimentalVMOptions -XX:+EnableJVMCIProduct -XX:-UnlockExperimentalVMOptions -XX:TieredStopAtLevel=1 -Dspring.output.ansi.enabled=always -Dcom.sun.management.jmxremote -Dspring.jmx.enabled=true -Dspring.liveBeansView.mbeanDomain -Dspring.application.admin.enabled=true -Dmanagement.endpoints.jmx.exposure.include=* -javaagent:D:\Program Files\JetBrains\IntelliJ IDEA 2024.2.4\lib\idea_rt.jar=29754:D:\Program Files\JetBrains\IntelliJ IDEA 2024.2.4\bin -Dfile.encoding=UTF-8 -Dsun.stdout.encoding=UTF-8 -Dsun.stderr.encoding=UTF-8 
java_command: com.hsf302.trialproject.TrialprojectApplication
java_class_path (initial): D:\SWP391\trialproject\target\classes;C:\Users\namnguyen\.m2\repository\org\springframework\boot\spring-boot-starter-data-jpa\3.4.1\spring-boot-starter-data-jpa-3.4.1.jar;C:\Users\namnguyen\.m2\repository\org\springframework\boot\spring-boot-starter\3.4.1\spring-boot-starter-3.4.1.jar;C:\Users\namnguyen\.m2\repository\org\springframework\boot\spring-boot-starter-logging\3.4.1\spring-boot-starter-logging-3.4.1.jar;C:\Users\namnguyen\.m2\repository\ch\qos\logback\logback-classic\1.5.12\logback-classic-1.5.12.jar;C:\Users\namnguyen\.m2\repository\ch\qos\logback\logback-core\1.5.12\logback-core-1.5.12.jar;C:\Users\namnguyen\.m2\repository\org\apache\logging\log4j\log4j-to-slf4j\2.24.3\log4j-to-slf4j-2.24.3.jar;C:\Users\namnguyen\.m2\repository\org\apache\logging\log4j\log4j-api\2.24.3\log4j-api-2.24.3.jar;C:\Users\namnguyen\.m2\repository\org\slf4j\jul-to-slf4j\2.0.16\jul-to-slf4j-2.0.16.jar;C:\Users\namnguyen\.m2\repository\jakarta\annotation\jakarta.annotation-api\2.1.1\jakarta.annotation-api-2.1.1.jar;C:\Users\namnguyen\.m2\repository\org\yaml\snakeyaml\2.3\snakeyaml-2.3.jar;C:\Users\namnguyen\.m2\repository\org\springframework\boot\spring-boot-starter-jdbc\3.4.1\spring-boot-starter-jdbc-3.4.1.jar;C:\Users\namnguyen\.m2\repository\com\zaxxer\HikariCP\5.1.0\HikariCP-5.1.0.jar;C:\Users\namnguyen\.m2\repository\org\springframework\spring-jdbc\6.2.1\spring-jdbc-6.2.1.jar;C:\Users\namnguyen\.m2\repository\org\hibernate\orm\hibernate-core\6.6.4.Final\hibernate-core-6.6.4.Final.jar;C:\Users\namnguyen\.m2\repository\jakarta\persistence\jakarta.persistence-api\3.1.0\jakarta.persistence-api-3.1.0.jar;C:\Users\namnguyen\.m2\repository\jakarta\transaction\jakarta.transaction-api\2.0.1\jakarta.transaction-api-2.0.1.jar;C:\Users\namnguyen\.m2\repository\org\jboss\logging\jboss-logging\3.6.1.Final\jboss-logging-3.6.1.Final.jar;C:\Users\namnguyen\.m2\repository\org\hibernate\common\hibernate-commons-annotations\7.0.3.Final\hibernate-commons-annotations-7.0.3.Final.jar;C:\Users\namnguyen\.m2\repository\io\smallrye\jandex\3.2.0\jandex-3.2.0.jar;C:\Users\namnguyen\.m2\repository\com\fasterxml\classmate\1.7.0\classmate-1.7.0.jar;C:\Users\namnguyen\.m2\repository\net\bytebuddy\byte-buddy\1.15.11\byte-buddy-1.15.11.jar;C:\Users\namnguyen\.m2\repository\org\glassfish\jaxb\jaxb-runtime\4.0.5\jaxb-runtime-4.0.5.jar;C:\Users\namnguyen\.m2\repository\org\glassfish\jaxb\jaxb-core\4.0.5\jaxb-core-4.0.5.jar;C:\Users\namnguyen\.m2\repository\org\eclipse\angus\angus-activation\2.0.2\angus-activation-2.0.2.jar;C:\Users\namnguyen\.m2\repository\org\glassfish\jaxb\txw2\4.0.5\txw2-4.0.5.jar;C:\Users\namnguyen\.m2\repository\com\sun\istack\istack-commons-runtime\4.1.2\istack-commons-runtime-4.1.2.jar;C:\Users\namnguyen\.m2\repository\jakarta\inject\jakarta.inject-api\2.0.1\jakarta.inject-api-2.0.1.jar;C:\Users\namnguyen\.m2\repository\org\antlr\antlr4-runtime\4.13.0\antlr4-runtime-4.13.0.jar;C:\Users\namnguyen\.m2\repository\org\springframework\data\spring-data-jpa\3.4.1\spring-data-jpa-3.4.1.jar;C:\Users\namnguyen\.m2\repository\org\springframework\data\spring-data-commons\3.4.1\spring-data-commons-3.4.1.jar;C:\Users\namnguyen\.m2\repository\org\springframework\spring-orm\6.2.1\spring-orm-6.2.1.jar;C:\Users\namnguyen\.m2\repository\org\springframework\spring-context\6.2.1\spring-context-6.2.1.jar;C:\Users\namnguyen\.m2\repository\org\springframework\spring-aop\6.2.1\spring-aop-6.2.1.jar;C:\Users\namnguyen\.m2\repository\org\springframework\spring-tx\6.2.1\spring-tx-6.2.1.jar;C:\Users\namnguyen\.m2\repository\org\springframework\spring-beans\6.2.1\spring-beans-6.2.1.jar;C:\Users\namnguyen\.m2\repository\org\slf4j\slf4j-api\2.0.16\slf4j-api-2.0.16.jar;C:\Users\namnguyen\.m2\repository\org\springframework\spring-aspects\6.2.1\spring-aspects-6.2.1.jar;C:\Users\namnguyen\.m2\repository\org\aspectj\aspectjweaver\1.9.22.1\aspectjweaver-1.9.22.1.jar;C:\Users\namnguyen\.m2\repository\org\springframework\boot\spring-boot-starter-thymeleaf\3.4.1\spring-boot-starter-thymeleaf-3.4.1.jar;C:\Users\namnguyen\.m2\repository\org\thymeleaf\thymeleaf-spring6\3.1.3.RELEASE\thymeleaf-spring6-3.1.3.RELEASE.jar;C:\Users\namnguyen\.m2\repository\org\thymeleaf\thymeleaf\3.1.3.RELEASE\thymeleaf-3.1.3.RELEASE.jar;C:\Users\namnguyen\.m2\repository\org\attoparser\attoparser\2.0.7.RELEASE\attoparser-2.0.7.RELEASE.jar;C:\Users\namnguyen\.m2\repository\org\unbescape\unbescape\1.1.6.RELEASE\unbescape-1.1.6.RELEASE.jar;C:\Users\namnguyen\.m2\repository\org\springframework\boot\spring-boot-starter-validation\3.4.1\spring-boot-starter-validation-3.4.1.jar;C:\Users\namnguyen\.m2\repository\org\apache\tomcat\embed\tomcat-embed-el\10.1.34\tomcat-embed-el-10.1.34.jar;C:\Users\namnguyen\.m2\repository\org\hibernate\validator\hibernate-validator\8.0.2.Final\hibernate-validator-8.0.2.Final.jar;C:\Users\namnguyen\.m2\repository\jakarta\validation\jakarta.validation-api\3.0.2\jakarta.validation-api-3.0.2.jar;C:\Users\namnguyen\.m2\repository\org\springframework\boot\spring-boot-starter-web\3.4.1\spring-boot-starter-web-3.4.1.jar;C:\Users\namnguyen\.m2\repository\org\springframework\boot\spring-boot-starter-json\3.4.1\spring-boot-starter-json-3.4.1.jar;C:\Users\namnguyen\.m2\repository\com\fasterxml\jackson\core\jackson-databind\2.18.2\jackson-databind-2.18.2.jar;C:\Users\namnguyen\.m2\repository\com\fasterxml\jackson\core\jackson-annotations\2.18.2\jackson-annotations-2.18.2.jar;C:\Users\namnguyen\.m2\repository\com\fasterxml\jackson\core\jackson-core\2.18.2\jackson-core-2.18.2.jar;C:\Users\namnguyen\.m2\repository\com\fasterxml\jackson\datatype\jackson-datatype-jdk8\2.18.2\jackson-datatype-jdk8-2.18.2.jar;C:\Users\namnguyen\.m2\repository\com\fasterxml\jackson\datatype\jackson-datatype-jsr310\2.18.2\jackson-datatype-jsr310-2.18.2.jar;C:\Users\namnguyen\.m2\repository\com\fasterxml\jackson\module\jackson-module-parameter-names\2.18.2\jackson-module-parameter-names-2.18.2.jar;C:\Users\namnguyen\.m2\repository\org\springframework\boot\spring-boot-starter-tomcat\3.4.1\spring-boot-starter-tomcat-3.4.1.jar;C:\Users\namnguyen\.m2\repository\org\apache\tomcat\embed\tomcat-embed-core\10.1.34\tomcat-embed-core-10.1.34.jar;C:\Users\namnguyen\.m2\repository\org\apache\tomcat\embed\tomcat-embed-websocket\10.1.34\tomcat-embed-websocket-10.1.34.jar;C:\Users\namnguyen\.m2\repository\org\springframework\spring-web\6.2.1\spring-web-6.2.1.jar;C:\Users\namnguyen\.m2\repository\io\micrometer\micrometer-observation\1.14.2\micrometer-observation-1.14.2.jar;C:\Users\namnguyen\.m2\repository\io\micrometer\micrometer-commons\1.14.2\micrometer-commons-1.14.2.jar;C:\Users\namnguyen\.m2\repository\org\springframework\spring-webmvc\6.2.1\spring-webmvc-6.2.1.jar;C:\Users\namnguyen\.m2\repository\org\springframework\spring-expression\6.2.1\spring-expression-6.2.1.jar;C:\Users\namnguyen\.m2\repository\org\springframework\boot\spring-boot-devtools\3.4.1\spring-boot-devtools-3.4.1.jar;C:\Users\namnguyen\.m2\repository\org\springframework\boot\spring-boot\3.4.1\spring-boot-3.4.1.jar;C:\Users\namnguyen\.m2\repository\org\springframework\boot\spring-boot-autoconfigure\3.4.1\spring-boot-autoconfigure-3.4.1.jar;C:\Users\namnguyen\.m2\repository\org\modelmapper\modelmapper\3.2.0\modelmapper-3.2.0.jar;C:\Users\namnguyen\.m2\repository\com\microsoft\sqlserver\mssql-jdbc\12.8.1.jre11\mssql-jdbc-12.8.1.jre11.jar;C:\Users\namnguyen\.m2\repository\org\projectlombok\lombok\1.18.36\lombok-1.18.36.jar;C:\Users\namnguyen\.m2\repository\jakarta\xml\bind\jakarta.xml.bind-api\4.0.2\jakarta.xml.bind-api-4.0.2.jar;C:\Users\namnguyen\.m2\repository\jakarta\activation\jakarta.activation-api\2.1.3\jakarta.activation-api-2.1.3.jar;C:\Users\namnguyen\.m2\repository\org\springframework\spring-core\6.2.1\spring-core-6.2.1.jar;C:\Users\namnguyen\.m2\repository\org\springframework\spring-jcl\6.2.1\spring-jcl-6.2.1.jar;C:\Users\namnguyen\AppData\Roaming\JetBrains\IntelliJIdea2024.2\javascript\extLibs\http_cdn.jsdelivr.net_npm_bootstrap@5.3.3_dist_css_bootstrap.css;C:\Users\namnguyen\AppData\Roaming\JetBrains\IntelliJIdea2024.2\javascript\extLibs\http_cdn.jsdelivr.net_npm_bootstrap@5.3.3_dist_js_bootstrap.bundle.js;C:\Users\namnguyen\AppData\Roaming\JetBrains\IntelliJIdea2024.2\javascript\extLibs\http_cdn.jsdelivr.net_npm_bootstrap-icons@1.11.3_font_bootstrap-icons.css
Launcher Type: SUN_STANDARD

[Global flags]
     intx CICompilerCount                          = 4                                         {product} {ergonomic}
     uint ConcGCThreads                            = 2                                         {product} {ergonomic}
     bool EnableJVMCIProduct                       = true                                {JVMCI product} {jimage}
     uint G1ConcRefinementThreads                  = 8                                         {product} {ergonomic}
   size_t G1HeapRegionSize                         = 4194304                                   {product} {ergonomic}
    uintx GCDrainStackTargetSize                   = 64                                        {product} {ergonomic}
   size_t InitialHeapSize                          = 536870912                                 {product} {ergonomic}
     bool ManagementServer                         = true                                      {product} {command line}
   size_t MarkStackSize                            = 4194304                                   {product} {ergonomic}
   size_t MaxHeapSize                              = 8547991552                                {product} {ergonomic}
   size_t MinHeapDeltaBytes                        = 4194304                                   {product} {ergonomic}
   size_t MinHeapSize                              = 8388608                                   {product} {ergonomic}
    uintx NonNMethodCodeHeapSize                   = 4096                                   {pd product} {ergonomic}
    uintx NonProfiledCodeHeapSize                  = 0                                      {pd product} {ergonomic}
     bool ProfileInterpreter                       = false                                  {pd product} {command line}
    uintx ProfiledCodeHeapSize                     = 0                                      {pd product} {ergonomic}
   size_t SoftMaxHeapSize                          = 8547991552                             {manageable} {ergonomic}
      int ThreadPriorityPolicy                     = 1                                         {product} {jimage}
     intx TieredStopAtLevel                        = 1                                         {product} {command line}
     bool UseCompressedOops                        = true                           {product lp64_product} {ergonomic}
     bool UseG1GC                                  = true                                      {product} {ergonomic}
     bool UseLargePagesIndividualAllocation        = false                                  {pd product} {ergonomic}

Logging:
Log output configuration:
 #0: stdout all=warning uptime,level,tags foldmultilines=false
 #1: stderr all=off uptime,level,tags foldmultilines=false

Environment Variables:
JAVA_HOME=C:\Program Files\Java\jdk1.8.0_181
PATH=C:\Program Files\Common Files\Oracle\Java\javapath;C:\Program Files\Microsoft MPI\Bin\;C:\Windows\system32;C:\Windows;C:\Windows\System32\Wbem;C:\Windows\System32\WindowsPowerShell\v1.0\;C:\Windows\System32\OpenSSH\;D:\Program Files\Git\bin;C:\Program Files (x86)\Microsoft SQL Server\160\Tools\Binn\;C:\Program Files\Microsoft SQL Server\160\Tools\Binn\;C:\Program Files\Microsoft SQL Server\Client SDK\ODBC\170\Tools\Binn\;C:\Program Files\Microsoft SQL Server\160\DTS\Binn\;C:\Program Files (x86)\Microsoft SQL Server\160\DTS\Binn\;C:\Program Files\dotnet\;D:\Program Files\Java\jdk1.8.0_181\bin;D:\Program Files\Go\bin;C:\Users\namnguyen\Desktop\scrcpy-win64-v2.4\scrcpy-win64-v2.4;C:\Program Files (x86)\NVIDIA Corporation\PhysX\Common;D:\Dev-Cpp\bin;C:\Program Files\nodejs\;C:\Program Files\Cloudflare\Cloudflare WARP\;C:\Users\namnguyen\Desktop\scrcpy-win64-v3.0;C:\Program Files\Git\cmd;C:\Users\namnguyen\AppData\Local\Programs\Python\Python311\Scripts\;C:\Users\namnguyen\AppData\Local\Programs\Python\Python311;C:\Users\namnguyen\AppData\Local\Microsoft\WindowsApps;C:\Users\namnguyen\AppData\Local\Programs\Microsoft VS Code\bin;D:\Program Files\Java\jdk1.8.0_181\bin;D:\Program Files\Go\bin;C:\Users\namnguyen\Desktop\scrcpy-win64-v2.4\scrcpy-win64-v2.4;C:\Users\namnguyen\AppData\Local\GitHubDesktop\bin;D:\Dev-Cpp\bin;D:\Program Files\JetBrains\IntelliJ IDEA 2024.2.4\bin;;C:\Users\namnguyen\AppData\Roaming\npm;
USERNAME=namnguyen
OS=Windows_NT
PROCESSOR_IDENTIFIER=Intel64 Family 6 Model 165 Stepping 2, GenuineIntel
TMP=C:\Users\namnguyen\AppData\Local\Temp
TEMP=C:\Users\namnguyen\AppData\Local\Temp




Periodic native trim disabled

---------------  S Y S T E M  ---------------

OS:
 Windows 10 , 64 bit Build 19041 (10.0.19041.5198)
OS uptime: 0 days 21:42 hours

CPU: total 8 (initial active 8) (4 cores per cpu, 2 threads per core) family 6 model 165 stepping 2 microcode 0xc8, cx8, cmov, fxsr, ht, mmx, 3dnowpref, sse, sse2, sse3, ssse3, sse4.1, sse4.2, popcnt, lzcnt, tsc, tscinvbit, avx, avx2, aes, erms, clmul, bmi1, bmi2, adx, fma, vzeroupper, clflush, clflushopt, rdtscp, f16c, pku
Processor Information for all 8 processors :
  Max Mhz: 2496, Current Mhz: 2496, Mhz Limit: 2496

Memory: 4k page, system-wide physical 32605M (10147M free)
TotalPageFile size 32605M (AvailPageFile size 468M)
current process WorkingSet (physical memory assigned to process): 11M, peak: 11M
current process commit charge ("private bytes"): 56M, peak: 567M

vm_info: Java HotSpot(TM) 64-Bit Server VM (21.0.5+9-LTS-jvmci-23.1-b48) for windows-amd64 JRE (21.0.5+9-LTS-jvmci-23.1-b48), built on 2024-10-01T10:26:49Z by "OCIWIN28Buildbot" with MS VC++ 17.6 (VS2022)

END.
